[2023-04-30 00:38:18.042] [org.hibernate.validator.internal.util.Version] [background-preinit] [21] [INFO ] HV000001: Hibernate Validator 6.2.5.Final
[2023-04-30 00:38:18.072] [org.springframework.boot.StartupInfoLogger] [main] [55] [INFO ] Starting SimpleCommerceApplication using Java 1.8.0_332 on CharondeMacBook-Pro.local with PID 1136 (/Users/charon/Downloads/simple-commerce/target/classes started by charon in /Users/charon/Downloads/simple-commerce)
[2023-04-30 00:38:18.073] [org.springframework.boot.StartupInfoLogger] [main] [56] [DEBUG] Running with Spring Boot v2.7.10, Spring v5.3.26
[2023-04-30 00:38:18.074] [org.springframework.boot.SpringApplication] [main] [631] [INFO ] No active profile set, falling back to 1 default profile: "default"
[2023-04-30 00:38:19.285] [org.springframework.data.repository.config.RepositoryConfigurationDelegate] [main] [262] [INFO ] Multiple Spring Data modules found, entering strict repository configuration mode
[2023-04-30 00:38:19.287] [org.springframework.data.repository.config.RepositoryConfigurationDelegate] [main] [132] [INFO ] Bootstrapping Spring Data Redis repositories in DEFAULT mode.
[2023-04-30 00:38:19.306] [org.springframework.data.repository.config.RepositoryConfigurationDelegate] [main] [201] [INFO ] Finished Spring Data repository scanning in 7 ms. Found 0 Redis repository interfaces.
[2023-04-30 00:38:19.917] [org.springframework.boot.web.embedded.tomcat.TomcatWebServer] [main] [108] [INFO ] Tomcat initialized with port(s): 8088 (http)
[2023-04-30 00:38:19.925] [org.apache.juli.logging.DirectJDKLog] [main] [173] [INFO ] Initializing ProtocolHandler ["http-nio-8088"]
[2023-04-30 00:38:19.925] [org.apache.juli.logging.DirectJDKLog] [main] [173] [INFO ] Starting service [Tomcat]
[2023-04-30 00:38:19.926] [org.apache.juli.logging.DirectJDKLog] [main] [173] [INFO ] Starting Servlet engine: [Apache Tomcat/9.0.73]
[2023-04-30 00:38:20.002] [org.apache.juli.logging.DirectJDKLog] [main] [173] [INFO ] Initializing Spring embedded WebApplicationContext
[2023-04-30 00:38:20.002] [org.springframework.boot.web.servlet.context.ServletWebServerApplicationContext] [main] [292] [INFO ] Root WebApplicationContext: initialization completed in 1883 ms
[2023-04-30 00:38:21.650] [org.apache.juli.logging.DirectJDKLog] [main] [173] [INFO ] Starting ProtocolHandler ["http-nio-8088"]
[2023-04-30 00:38:21.674] [org.springframework.boot.web.embedded.tomcat.TomcatWebServer] [main] [220] [INFO ] Tomcat started on port(s): 8088 (http) with context path ''
[2023-04-30 00:38:21.722] [org.springframework.boot.StartupInfoLogger] [main] [61] [INFO ] Started SimpleCommerceApplication in 4.089 seconds (JVM running for 4.891)
[2023-04-30 00:38:26.335] [org.apache.juli.logging.DirectJDKLog] [http-nio-8088-exec-1] [173] [INFO ] Initializing Spring DispatcherServlet 'dispatcherServlet'
[2023-04-30 00:38:26.338] [org.springframework.web.servlet.FrameworkServlet] [http-nio-8088-exec-1] [525] [INFO ] Initializing Servlet 'dispatcherServlet'
[2023-04-30 00:38:26.345] [org.springframework.web.servlet.FrameworkServlet] [http-nio-8088-exec-1] [547] [INFO ] Completed initialization in 6 ms
[2023-04-30 00:38:39.842] [com.zaxxer.hikari.HikariDataSource] [http-nio-8088-exec-4] [110] [INFO ] HikariPool-1 - Starting...
[2023-04-30 00:38:40.353] [com.zaxxer.hikari.HikariDataSource] [http-nio-8088-exec-4] [123] [INFO ] HikariPool-1 - Start completed.
[2023-04-30 00:38:44.985] [com.zaxxer.hikari.HikariDataSource] [SpringApplicationShutdownHook] [350] [INFO ] HikariPool-1 - Shutdown initiated...
[2023-04-30 00:38:44.994] [com.zaxxer.hikari.HikariDataSource] [SpringApplicationShutdownHook] [352] [INFO ] HikariPool-1 - Shutdown completed.
[2023-04-30 01:29:19.145] [org.hibernate.validator.internal.util.Version] [background-preinit] [21] [INFO ] HV000001: Hibernate Validator 6.2.5.Final
[2023-04-30 01:29:19.201] [org.springframework.boot.StartupInfoLogger] [main] [55] [INFO ] Starting SimpleCommerceApplication using Java 1.8.0_332 on CharondeMacBook-Pro.local with PID 1374 (/Users/charon/Downloads/simple-commerce/target/classes started by charon in /Users/charon/Downloads/simple-commerce)
[2023-04-30 01:29:19.201] [org.springframework.boot.StartupInfoLogger] [main] [56] [DEBUG] Running with Spring Boot v2.7.10, Spring v5.3.26
[2023-04-30 01:29:19.202] [org.springframework.boot.SpringApplication] [main] [631] [INFO ] No active profile set, falling back to 1 default profile: "default"
[2023-04-30 01:29:20.684] [org.springframework.data.repository.config.RepositoryConfigurationDelegate] [main] [262] [INFO ] Multiple Spring Data modules found, entering strict repository configuration mode
[2023-04-30 01:29:20.690] [org.springframework.data.repository.config.RepositoryConfigurationDelegate] [main] [132] [INFO ] Bootstrapping Spring Data Redis repositories in DEFAULT mode.
[2023-04-30 01:29:20.729] [org.springframework.data.repository.config.RepositoryConfigurationDelegate] [main] [201] [INFO ] Finished Spring Data repository scanning in 13 ms. Found 0 Redis repository interfaces.
[2023-04-30 01:29:21.505] [org.springframework.boot.web.embedded.tomcat.TomcatWebServer] [main] [108] [INFO ] Tomcat initialized with port(s): 8088 (http)
[2023-04-30 01:29:21.518] [org.apache.juli.logging.DirectJDKLog] [main] [173] [INFO ] Initializing ProtocolHandler ["http-nio-8088"]
[2023-04-30 01:29:21.519] [org.apache.juli.logging.DirectJDKLog] [main] [173] [INFO ] Starting service [Tomcat]
[2023-04-30 01:29:21.520] [org.apache.juli.logging.DirectJDKLog] [main] [173] [INFO ] Starting Servlet engine: [Apache Tomcat/9.0.73]
[2023-04-30 01:29:21.636] [org.apache.juli.logging.DirectJDKLog] [main] [173] [INFO ] Initializing Spring embedded WebApplicationContext
[2023-04-30 01:29:21.636] [org.springframework.boot.web.servlet.context.ServletWebServerApplicationContext] [main] [292] [INFO ] Root WebApplicationContext: initialization completed in 2357 ms
[2023-04-30 01:29:23.738] [org.apache.juli.logging.DirectJDKLog] [main] [173] [INFO ] Starting ProtocolHandler ["http-nio-8088"]
[2023-04-30 01:29:23.772] [org.springframework.boot.web.embedded.tomcat.TomcatWebServer] [main] [220] [INFO ] Tomcat started on port(s): 8088 (http) with context path ''
[2023-04-30 01:29:23.819] [org.springframework.boot.StartupInfoLogger] [main] [61] [INFO ] Started SimpleCommerceApplication in 5.287 seconds (JVM running for 6.829)
[2023-04-30 01:31:06.432] [org.apache.juli.logging.DirectJDKLog] [http-nio-8088-exec-1] [173] [INFO ] Initializing Spring DispatcherServlet 'dispatcherServlet'
[2023-04-30 01:31:06.433] [org.springframework.web.servlet.FrameworkServlet] [http-nio-8088-exec-1] [525] [INFO ] Initializing Servlet 'dispatcherServlet'
[2023-04-30 01:31:06.442] [org.springframework.web.servlet.FrameworkServlet] [http-nio-8088-exec-1] [547] [INFO ] Completed initialization in 9 ms
[2023-04-30 01:31:27.615] [com.zaxxer.hikari.HikariDataSource] [http-nio-8088-exec-4] [110] [INFO ] HikariPool-1 - Starting...
[2023-04-30 01:31:28.149] [com.zaxxer.hikari.HikariDataSource] [http-nio-8088-exec-4] [123] [INFO ] HikariPool-1 - Start completed.
[2023-04-30 01:32:30.082] [com.zaxxer.hikari.HikariDataSource] [SpringApplicationShutdownHook] [350] [INFO ] HikariPool-1 - Shutdown initiated...
[2023-04-30 01:32:30.092] [com.zaxxer.hikari.HikariDataSource] [SpringApplicationShutdownHook] [352] [INFO ] HikariPool-1 - Shutdown completed.
[2023-04-30 01:32:39.341] [org.hibernate.validator.internal.util.Version] [background-preinit] [21] [INFO ] HV000001: Hibernate Validator 6.2.5.Final
[2023-04-30 01:32:39.366] [org.springframework.boot.StartupInfoLogger] [main] [55] [INFO ] Starting SimpleCommerceApplication using Java 1.8.0_332 on CharondeMacBook-Pro.local with PID 1389 (/Users/charon/Downloads/simple-commerce/target/classes started by charon in /Users/charon/Downloads/simple-commerce)
[2023-04-30 01:32:39.366] [org.springframework.boot.StartupInfoLogger] [main] [56] [DEBUG] Running with Spring Boot v2.7.10, Spring v5.3.26
[2023-04-30 01:32:39.367] [org.springframework.boot.SpringApplication] [main] [631] [INFO ] No active profile set, falling back to 1 default profile: "default"
[2023-04-30 01:32:40.402] [org.springframework.data.repository.config.RepositoryConfigurationDelegate] [main] [262] [INFO ] Multiple Spring Data modules found, entering strict repository configuration mode
[2023-04-30 01:32:40.404] [org.springframework.data.repository.config.RepositoryConfigurationDelegate] [main] [132] [INFO ] Bootstrapping Spring Data Redis repositories in DEFAULT mode.
[2023-04-30 01:32:40.430] [org.springframework.data.repository.config.RepositoryConfigurationDelegate] [main] [201] [INFO ] Finished Spring Data repository scanning in 10 ms. Found 0 Redis repository interfaces.
[2023-04-30 01:32:41.095] [org.springframework.boot.web.embedded.tomcat.TomcatWebServer] [main] [108] [INFO ] Tomcat initialized with port(s): 8088 (http)
[2023-04-30 01:32:41.103] [org.apache.juli.logging.DirectJDKLog] [main] [173] [INFO ] Initializing ProtocolHandler ["http-nio-8088"]
[2023-04-30 01:32:41.104] [org.apache.juli.logging.DirectJDKLog] [main] [173] [INFO ] Starting service [Tomcat]
[2023-04-30 01:32:41.104] [org.apache.juli.logging.DirectJDKLog] [main] [173] [INFO ] Starting Servlet engine: [Apache Tomcat/9.0.73]
[2023-04-30 01:32:41.184] [org.apache.juli.logging.DirectJDKLog] [main] [173] [INFO ] Initializing Spring embedded WebApplicationContext
[2023-04-30 01:32:41.184] [org.springframework.boot.web.servlet.context.ServletWebServerApplicationContext] [main] [292] [INFO ] Root WebApplicationContext: initialization completed in 1768 ms
[2023-04-30 01:32:43.278] [org.apache.juli.logging.DirectJDKLog] [main] [173] [INFO ] Starting ProtocolHandler ["http-nio-8088"]
[2023-04-30 01:32:43.312] [org.springframework.boot.web.embedded.tomcat.TomcatWebServer] [main] [220] [INFO ] Tomcat started on port(s): 8088 (http) with context path ''
[2023-04-30 01:32:43.363] [org.springframework.boot.StartupInfoLogger] [main] [61] [INFO ] Started SimpleCommerceApplication in 4.483 seconds (JVM running for 5.388)
[2023-04-30 01:32:44.999] [org.apache.juli.logging.DirectJDKLog] [http-nio-8088-exec-2] [173] [INFO ] Initializing Spring DispatcherServlet 'dispatcherServlet'
[2023-04-30 01:32:45.000] [org.springframework.web.servlet.FrameworkServlet] [http-nio-8088-exec-2] [525] [INFO ] Initializing Servlet 'dispatcherServlet'
[2023-04-30 01:32:45.002] [org.springframework.web.servlet.FrameworkServlet] [http-nio-8088-exec-2] [547] [INFO ] Completed initialization in 2 ms
[2023-04-30 01:32:46.085] [com.zaxxer.hikari.HikariDataSource] [http-nio-8088-exec-2] [110] [INFO ] HikariPool-1 - Starting...
[2023-04-30 01:32:46.561] [com.zaxxer.hikari.HikariDataSource] [http-nio-8088-exec-2] [123] [INFO ] HikariPool-1 - Start completed.
[2023-04-30 01:37:29.271] [com.zaxxer.hikari.HikariDataSource] [SpringApplicationShutdownHook] [350] [INFO ] HikariPool-1 - Shutdown initiated...
[2023-04-30 01:37:29.298] [com.zaxxer.hikari.HikariDataSource] [SpringApplicationShutdownHook] [352] [INFO ] HikariPool-1 - Shutdown completed.
[2023-04-30 01:37:36.470] [org.hibernate.validator.internal.util.Version] [background-preinit] [21] [INFO ] HV000001: Hibernate Validator 6.2.5.Final
[2023-04-30 01:37:36.500] [org.springframework.boot.StartupInfoLogger] [main] [55] [INFO ] Starting SimpleCommerceApplication using Java 1.8.0_332 on CharondeMacBook-Pro.local with PID 1430 (/Users/charon/Downloads/simple-commerce/target/classes started by charon in /Users/charon/Downloads/simple-commerce)
[2023-04-30 01:37:36.500] [org.springframework.boot.StartupInfoLogger] [main] [56] [DEBUG] Running with Spring Boot v2.7.10, Spring v5.3.26
[2023-04-30 01:37:36.501] [org.springframework.boot.SpringApplication] [main] [631] [INFO ] No active profile set, falling back to 1 default profile: "default"
[2023-04-30 01:37:37.629] [org.springframework.data.repository.config.RepositoryConfigurationDelegate] [main] [262] [INFO ] Multiple Spring Data modules found, entering strict repository configuration mode
[2023-04-30 01:37:37.632] [org.springframework.data.repository.config.RepositoryConfigurationDelegate] [main] [132] [INFO ] Bootstrapping Spring Data Redis repositories in DEFAULT mode.
[2023-04-30 01:37:37.671] [org.springframework.data.repository.config.RepositoryConfigurationDelegate] [main] [201] [INFO ] Finished Spring Data repository scanning in 15 ms. Found 0 Redis repository interfaces.
[2023-04-30 01:37:38.351] [org.springframework.boot.web.embedded.tomcat.TomcatWebServer] [main] [108] [INFO ] Tomcat initialized with port(s): 8088 (http)
[2023-04-30 01:37:38.360] [org.apache.juli.logging.DirectJDKLog] [main] [173] [INFO ] Initializing ProtocolHandler ["http-nio-8088"]
[2023-04-30 01:37:38.360] [org.apache.juli.logging.DirectJDKLog] [main] [173] [INFO ] Starting service [Tomcat]
[2023-04-30 01:37:38.361] [org.apache.juli.logging.DirectJDKLog] [main] [173] [INFO ] Starting Servlet engine: [Apache Tomcat/9.0.73]
[2023-04-30 01:37:38.446] [org.apache.juli.logging.DirectJDKLog] [main] [173] [INFO ] Initializing Spring embedded WebApplicationContext
[2023-04-30 01:37:38.447] [org.springframework.boot.web.servlet.context.ServletWebServerApplicationContext] [main] [292] [INFO ] Root WebApplicationContext: initialization completed in 1897 ms
[2023-04-30 01:37:40.532] [org.apache.juli.logging.DirectJDKLog] [main] [173] [INFO ] Starting ProtocolHandler ["http-nio-8088"]
[2023-04-30 01:37:40.639] [org.springframework.boot.web.embedded.tomcat.TomcatWebServer] [main] [220] [INFO ] Tomcat started on port(s): 8088 (http) with context path ''
[2023-04-30 01:37:40.781] [org.springframework.boot.StartupInfoLogger] [main] [61] [INFO ] Started SimpleCommerceApplication in 4.757 seconds (JVM running for 6.027)
[2023-04-30 01:37:43.142] [org.apache.juli.logging.DirectJDKLog] [http-nio-8088-exec-2] [173] [INFO ] Initializing Spring DispatcherServlet 'dispatcherServlet'
[2023-04-30 01:37:43.144] [org.springframework.web.servlet.FrameworkServlet] [http-nio-8088-exec-2] [525] [INFO ] Initializing Servlet 'dispatcherServlet'
[2023-04-30 01:37:43.148] [org.springframework.web.servlet.FrameworkServlet] [http-nio-8088-exec-2] [547] [INFO ] Completed initialization in 2 ms
[2023-04-30 01:37:44.400] [asia.oxox.charon.simplecommerce.handler.MyMetaObjectHandler] [http-nio-8088-exec-2] [18] [INFO ] start insert fill ....
[2023-04-30 01:37:44.423] [com.zaxxer.hikari.HikariDataSource] [http-nio-8088-exec-2] [110] [INFO ] HikariPool-1 - Starting...
[2023-04-30 01:37:44.882] [com.zaxxer.hikari.HikariDataSource] [http-nio-8088-exec-2] [123] [INFO ] HikariPool-1 - Start completed.
[2023-04-30 01:38:14.531] [com.zaxxer.hikari.HikariDataSource] [SpringApplicationShutdownHook] [350] [INFO ] HikariPool-1 - Shutdown initiated...
[2023-04-30 01:38:14.540] [com.zaxxer.hikari.HikariDataSource] [SpringApplicationShutdownHook] [352] [INFO ] HikariPool-1 - Shutdown completed.
